2026-04-15T00:16:36.074+09:00  INFO 9544 --- [spring-boot] [Test worker] com.example.demo.ApplicationTests        : Starting ApplicationTests using Java 17.0.12 with PID 9544 (started by user in C:\Users\user\Desktop\github\portFolio\springboot\spring-boot)
2026-04-15T00:16:36.088+09:00 DEBUG 9544 --- [spring-boot] [Test worker] com.example.demo.ApplicationTests        : Running with Spring Boot v4.0.5, Spring v7.0.6
2026-04-15T00:16:36.088+09:00  INFO 9544 --- [spring-boot] [Test worker] com.example.demo.ApplicationTests        : No active profile set, falling back to 1 default profile: "default"
2026-04-15T00:16:36.948+09:00  INFO 9544 --- [spring-boot] [Test worker] .s.d.r.c.RepositoryConfigurationDelegate : Bootstrapping Spring Data JPA repositories in DEFAULT mode.
2026-04-15T00:16:36.973+09:00  INFO 9544 --- [spring-boot] [Test worker] .s.d.r.c.RepositoryConfigurationDelegate : Finished Spring Data repository scanning in 12 ms. Found 0 JPA repository interfaces.
2026-04-15T00:16:37.374+09:00  INFO 9544 --- [spring-boot] [Test worker] com.zaxxer.hikari.HikariDataSource       : HikariPool-1 - Starting...
2026-04-15T00:16:37.623+09:00  INFO 9544 --- [spring-boot] [Test worker] com.zaxxer.hikari.pool.HikariPool        : HikariPool-1 - Added connection conn0: url=jdbc:h2:mem:98d33902-751f-4337-bdb9-7f7deeaf726a user=SA
2026-04-15T00:16:37.623+09:00  INFO 9544 --- [spring-boot] [Test worker] com.zaxxer.hikari.HikariDataSource       : HikariPool-1 - Start completed.
2026-04-15T00:16:37.686+09:00  INFO 9544 --- [spring-boot] [Test worker] org.hibernate.orm.jpa                    : HHH008540: Processing PersistenceUnitInfo [name: default]
2026-04-15T00:16:37.775+09:00  INFO 9544 --- [spring-boot] [Test worker] org.hibernate.orm.core                   : HHH000001: Hibernate ORM core version 7.2.7.Final
2026-04-15T00:16:38.375+09:00  INFO 9544 --- [spring-boot] [Test worker] o.s.o.j.p.SpringPersistenceUnitInfo      : No LoadTimeWeaver setup: ignoring JPA class transformer
2026-04-15T00:16:38.489+09:00  INFO 9544 --- [spring-boot] [Test worker] org.hibernate.orm.connections.pooling    : HHH10001005: Database info:
	Database JDBC URL [jdbc:h2:mem:98d33902-751f-4337-bdb9-7f7deeaf726a]
	Database driver: H2 JDBC Driver
	Database dialect: H2Dialect
	Database version: 2.4.240
	Default catalog/schema: 98D33902-751F-4337-BDB9-7F7DEEAF726A/PUBLIC
	Autocommit mode: undefined/unknown
	Isolation level: READ_COMMITTED [default READ_COMMITTED]
	JDBC fetch size: 100
	Pool: DataSourceConnectionProvider
	Minimum pool size: undefined/unknown
	Maximum pool size: undefined/unknown
2026-04-15T00:16:38.789+09:00  INFO 9544 --- [spring-boot] [Test worker] org.hibernate.orm.core                   : HHH000489: No JTA platform available (set 'hibernate.transaction.jta.platform' to enable JTA platform integration)
2026-04-15T00:16:38.807+09:00  INFO 9544 --- [spring-boot] [Test worker] j.LocalContainerEntityManagerFactoryBean : Initialized JPA EntityManagerFactory for persistence unit 'default'
2026-04-15T00:16:38.967+09:00  WARN 9544 --- [spring-boot] [Test worker] JpaBaseConfiguration$JpaWebConfiguration : spring.jpa.open-in-view is enabled by default. Therefore, database queries may be performed during view rendering. Explicitly configure spring.jpa.open-in-view to disable this warning
2026-04-15T00:16:39.005+09:00  INFO 9544 --- [spring-boot] [Test worker] o.s.v.b.OptionalValidatorFactoryBean     : Failed to set up a Bean Validation provider: jakarta.validation.NoProviderFoundException: Unable to create a Configuration, because no Jakarta Validation provider could be found. Add a provider like Hibernate Validator (RI) to your classpath.
2026-04-15T00:16:39.517+09:00  INFO 9544 --- [spring-boot] [Test worker] com.example.demo.ApplicationTests        : Started ApplicationTests in 3.76 seconds (process running for 5.402)
2026-04-15T00:16:39.991+09:00  INFO 9544 --- [spring-boot] [SpringApplicationShutdownHook] j.LocalContainerEntityManagerFactoryBean : Closing JPA EntityManagerFactory for persistence unit 'default'
2026-04-15T00:16:39.993+09:00  INFO 9544 --- [spring-boot] [SpringApplicationShutdownHook] com.zaxxer.hikari.HikariDataSource       : HikariPool-1 - Shutdown initiated...
2026-04-15T00:16:39.996+09:00  INFO 9544 --- [spring-boot] [SpringApplicationShutdownHook] com.zaxxer.hikari.HikariDataSource       : HikariPool-1 - Shutdown completed.
